<?xml version="1.0" encoding="UTF-8"?>
<testng-results ignored="0" total="1" passed="0" failed="1" skipped="0">
  <reporter-output>
    <line>
      <![CDATA[INFO: The value found with Environment variable Falcon is: Falcon]]>
    </line>
    <line>
      <![CDATA[INFO: The value found with Environment Module variable manageractionreject is: manageractionreject]]>
    </line>
    <line>
      <![CDATA[The value found with Environment variable WIN_10_chrome_86 is: WIN_10_chrome_86]]>
    </line>
    <line>
      <![CDATA[INFO: Clients Found: [Falcon]
]]>
    </line>
    <line>
      <![CDATA[INFO: Modules Selected: [manageractionreject]
]]>
    </line>
    <line>
      <![CDATA[INFO: New Suite Created with name: Falcon-Sample-WIN_10_chrome_86]]>
    </line>
    <line>
      <![CDATA[<?xml version="1.0" encoding="UTF-8"?>
<!DOCTYPE suite SYSTEM "http://testng.org/testng-1.0.dtd">
<suite name="Falcon-Sample-WIN_10_chrome_86">
  <parameter name="os" value="WIN"/>
  <parameter name="osVersion" value="10"/>
  <parameter name="browser" value="chrome"/>
  <parameter name="browserVersion" value="86"/>
  <test thread-count="5" name="SampleTest">
    <classes>
      <class name="com.atmecs.automationAspireportal.testscript.TC02_Manager_ActionReject"/>
    </classes>
  </test> <!-- SampleTest -->
</suite> <!-- Falcon-Sample-WIN_10_chrome_86 -->
]]>
    </line>
    <line>
      <![CDATA[Opening browser: chrome]]>
    </line>
    <line>
      <![CDATA[Maximizing browser window]]>
    </line>
    <line>
      <![CDATA[STEP#1: Entering the Email]]>
    </line>
    <line>
      <![CDATA[Successfully entered Email]]>
    </line>
    <line>
      <![CDATA[STEP#2: Entering the Password]]>
    </line>
    <line>
      <![CDATA[Successfully entered Password]]>
    </line>
    <line>
      <![CDATA[STEP#3: Click on Login button]]>
    </line>
    <line>
      <![CDATA[Successfully clicked on login button]]>
    </line>
    <line>
      <![CDATA[STEP#4: Clicking on the Timesheet]]>
    </line>
    <line>
      <![CDATA[Successfully clicked on the Timesheet]]>
    </line>
    <line>
      <![CDATA[STEP#5: Validating the Breadcrum]]>
    </line>
    <line>
      <![CDATA[PASS : Successfully validated the text : ACTUAL : Timesheet Create or Update Timings EXPECTED :Timesheet Create or Update Timings]]>
    </line>
    <line>
      <![CDATA[Successfully validated breadcrum]]>
    </line>
    <line>
      <![CDATA[STEP#6: Selecting the activity]]>
    </line>
    <line>
      <![CDATA[Successfully selected on Select Activity]]>
    </line>
    <line>
      <![CDATA[STEP#7: Entering hours to the days]]>
    </line>
    <line>
      <![CDATA[Successfully Entered time value]]>
    </line>
    <line>
      <![CDATA[Successfully Entered time value]]>
    </line>
    <line>
      <![CDATA[Successfully Entered time value]]>
    </line>
    <line>
      <![CDATA[Successfully Entered time value]]>
    </line>
    <line>
      <![CDATA[Successfully Entered time value]]>
    </line>
    <line>
      <![CDATA[STEP#8: Add Notes]]>
    </line>
    <line>
      <![CDATA[PASS : Validating the tooltip message is same as expected or not : ACTUAL : Notes EXPECTED :Notes]]>
    </line>
    <line>
      <![CDATA[Successfully validated Notes value]]>
    </line>
    <line>
      <![CDATA[Successfully Entered notes value]]>
    </line>
    <line>
      <![CDATA[STEP#9: Add Activity]]>
    </line>
    <line>
      <![CDATA[PASS : Validating the tooltip message is same as expected or not : ACTUAL : Add Activity EXPECTED :Add Activity]]>
    </line>
    <line>
      <![CDATA[Successfully validated Add activity value]]>
    </line>
    <line>
      <![CDATA[Successfully clicked on add activity]]>
    </line>
    <line>
      <![CDATA[STEP#10: Selecting the second activity]]>
    </line>
    <line>
      <![CDATA[Successfully selected Activity]]>
    </line>
    <line>
      <![CDATA[STEP#11: Delete Activity]]>
    </line>
    <line>
      <![CDATA[PASS : Validating the tooltip message is same as expected or not : ACTUAL : Delete Activity EXPECTED :Delete Activity]]>
    </line>
    <line>
      <![CDATA[Successfully validated Delete activity value]]>
    </line>
    <line>
      <![CDATA[Successfully clicked on add activity]]>
    </line>
    <line>
      <![CDATA[STEP#12: Submit button]]>
    </line>
    <line>
      <![CDATA[PASS : Validating the tooltip message is same as expected or not : ACTUAL : Timesheet submitted successfully EXPECTED :Timesheet submitted successfully]]>
    </line>
    <line>
      <![CDATA[Successfully validated submit message]]>
    </line>
    <line>
      <![CDATA[STEP#13: Logout button]]>
    </line>
    <line>
      <![CDATA[STEP#1: Entering the Email]]>
    </line>
    <line>
      <![CDATA[Successfully entered Email]]>
    </line>
    <line>
      <![CDATA[STEP#2: Entering the Password]]>
    </line>
    <line>
      <![CDATA[Successfully entered Password]]>
    </line>
    <line>
      <![CDATA[STEP#3: Click on Login button]]>
    </line>
    <line>
      <![CDATA[Successfully clicked on login button]]>
    </line>
    <line>
      <![CDATA[STEP#4: Clicking on the Timesheet]]>
    </line>
    <line>
      <![CDATA[Successfully clicked on the Timesheet]]>
    </line>
    <line>
      <![CDATA[STEP#14: Validating the Breadcrum]]>
    </line>
    <line>
      <![CDATA[PASS : Successfully validated the text : ACTUAL : Timesheet Approve Timings EXPECTED :Timesheet Approve Timings]]>
    </line>
    <line>
      <![CDATA[Successfully validated breadcrum]]>
    </line>
    <line>
      <![CDATA[STEP#15: Selecting the project]]>
    </line>
    <line>
      <![CDATA[Successfully selected Project]]>
    </line>
    <line>
      <![CDATA[STEP#16: Selecting the employee name]]>
    </line>
    <line>
      <![CDATA[Successfully selected employee dropdown]]>
    </line>
    <line>
      <![CDATA[STEP#17: Clicking reject button under action column]]>
    </line>
    <line>
      <![CDATA[FAIL : Validating the tooltip message is same as expected or not expected [Reason for rejection] but found []: ACTUAL :  EXPECTED :Reason for rejection]]>
    </line>
    <line>
      <![CDATA[Successfully validated reject popup message]]>
    </line>
    <line>
      <![CDATA[Timesheet rejected successfully]]>
    </line>
    <line>
      <![CDATA[PASS : Validating the tooltip message is same as expected or not : ACTUAL : Timesheet rejected successfully EXPECTED :Timesheet rejected successfully]]>
    </line>
    <line>
      <![CDATA[Successfully validated reject message]]>
    </line>
    <line>
      <![CDATA[FAIL : Error occurred, capturing screenshot; refer to ERROR tab for more details]]>
    </line>
    <line>
      <![CDATA[IMG : db78a1b7-7882-4037-9de5-a1b86d73c1ef]]>
    </line>
  </reporter-output>
  <suite started-at="2020-11-10T15:16:54Z" name="Falcon-Sample-WIN_10_chrome_86" finished-at="2020-11-10T15:17:26Z" duration-ms="31946">
    <groups>
    </groups>
    <test started-at="2020-11-10T15:16:54Z" name="SampleTest" finished-at="2020-11-10T15:17:26Z" duration-ms="31946">
      <class name="com.atmecs.automationAspireportal.testscript.TC02_Manager_ActionReject">
        <test-method is-config="true" signature="preSetup(java.lang.String, java.lang.String, java.lang.String, java.lang.String)[pri:0, instance:com.atmecs.automationAspireportal.testscript.TC02_Manager_ActionReject@744a5377]" started-at="2020-11-10T15:16:54Z" name="preSetup" finished-at="2020-11-10T15:17:08Z" duration-ms="13648" status="PASS">
          <params>
            <param index="0">
              <value>
                <![CDATA[WIN]]>
              </value>
            </param>
            <param index="1">
              <value>
                <![CDATA[10]]>
              </value>
            </param>
            <param index="2">
              <value>
                <![CDATA[chrome]]>
              </value>
            </param>
            <param index="3">
              <value>
                <![CDATA[86]]>
              </value>
            </param>
          </params>
          <reporter-output>
            <line>
              <![CDATA[Opening browser: chrome]]>
            </line>
            <line>
              <![CDATA[Maximizing browser window]]>
            </line>
          </reporter-output>
        </test-method> <!-- preSetup -->
        <test-method signature="EmployeePage()[pri:0, instance:com.atmecs.automationAspireportal.testscript.TC02_Manager_ActionReject@744a5377]" started-at="2020-11-10T15:17:08Z" name="EmployeePage" finished-at="2020-11-10T15:17:24Z" duration-ms="16905" status="FAIL">
          <exception class="java.lang.AssertionError">
            <message>
              <![CDATA[expected [Reason for rejection] but found []]]>
            </message>
            <full-stacktrace>
              <![CDATA[java.lang.AssertionError: expected [Reason for rejection] but found []
at org.testng.Assert.fail(Assert.java:96)
at org.testng.Assert.failNotEquals(Assert.java:776)
at org.testng.Assert.assertEqualsImpl(Assert.java:137)
at org.testng.Assert.assertEquals(Assert.java:118)
at org.testng.Assert.assertEquals(Assert.java:453)
at org.testng.Assert.assertEquals(Assert.java:463)
at com.atmecs.falcon.automation.verifyresult.VerificationManager.verifyString(VerificationManager.java:250)
at com.atmecs.automationAspireportal.testscript.TC02_Manager_ActionReject.EmployeePage(TC02_Manager_ActionReject.java:85)
at java.base/jdk.internal.reflect.NativeMethodAccessorImpl.invoke0(Native Method)
at java.base/jdk.internal.reflect.NativeMethodAccessorImpl.invoke(NativeMethodAccessorImpl.java:62)
at java.base/jdk.internal.reflect.DelegatingMethodAccessorImpl.invoke(DelegatingMethodAccessorImpl.java:43)
at java.base/java.lang.reflect.Method.invoke(Method.java:567)
at org.testng.internal.MethodInvocationHelper.invokeMethod(MethodInvocationHelper.java:124)
at org.testng.internal.Invoker.invokeMethod(Invoker.java:583)
at org.testng.internal.Invoker.invokeTestMethod(Invoker.java:719)
at org.testng.internal.Invoker.invokeTestMethods(Invoker.java:989)
at org.testng.internal.TestMethodWorker.invokeTestMethods(TestMethodWorker.java:125)
at org.testng.internal.TestMethodWorker.run(TestMethodWorker.java:109)
at org.testng.TestRunner.privateRun(TestRunner.java:648)
at org.testng.TestRunner.run(TestRunner.java:505)
at org.testng.SuiteRunner.runTest(SuiteRunner.java:455)
at org.testng.SuiteRunner.runSequentially(SuiteRunner.java:450)
at org.testng.SuiteRunner.privateRun(SuiteRunner.java:415)
at org.testng.SuiteRunner.run(SuiteRunner.java:364)
at org.testng.SuiteRunnerWorker.runSuite(SuiteRunnerWorker.java:52)
at org.testng.SuiteRunnerWorker.run(SuiteRunnerWorker.java:84)
at org.testng.TestNG.runSuitesSequentially(TestNG.java:1208)
at org.testng.TestNG.runSuitesLocally(TestNG.java:1137)
at org.testng.TestNG.runSuites(TestNG.java:1049)
at org.testng.TestNG.run(TestNG.java:1017)
at com.atmecs.automationAspireportal.runner.TestNGRunner.main(TestNGRunner.java:61)
at java.base/jdk.internal.reflect.NativeMethodAccessorImpl.invoke0(Native Method)
at java.base/jdk.internal.reflect.NativeMethodAccessorImpl.invoke(NativeMethodAccessorImpl.java:62)
at java.base/jdk.internal.reflect.DelegatingMethodAccessorImpl.invoke(DelegatingMethodAccessorImpl.java:43)
at java.base/java.lang.reflect.Method.invoke(Method.java:567)
at org.codehaus.mojo.exec.ExecJavaMojo$1.run(ExecJavaMojo.java:294)
at java.base/java.lang.Thread.run(Thread.java:830)
]]>
            </full-stacktrace>
          </exception> <!-- java.lang.AssertionError -->
          <reporter-output>
            <line>
              <![CDATA[STEP#1: Entering the Email]]>
            </line>
            <line>
              <![CDATA[Successfully entered Email]]>
            </line>
            <line>
              <![CDATA[STEP#2: Entering the Password]]>
            </line>
            <line>
              <![CDATA[Successfully entered Password]]>
            </line>
            <line>
              <![CDATA[STEP#3: Click on Login button]]>
            </line>
            <line>
              <![CDATA[Successfully clicked on login button]]>
            </line>
            <line>
              <![CDATA[STEP#4: Clicking on the Timesheet]]>
            </line>
            <line>
              <![CDATA[Successfully clicked on the Timesheet]]>
            </line>
            <line>
              <![CDATA[STEP#5: Validating the Breadcrum]]>
            </line>
            <line>
              <![CDATA[PASS : Successfully validated the text : ACTUAL : Timesheet Create or Update Timings EXPECTED :Timesheet Create or Update Timings]]>
            </line>
            <line>
              <![CDATA[Successfully validated breadcrum]]>
            </line>
            <line>
              <![CDATA[STEP#6: Selecting the activity]]>
            </line>
            <line>
              <![CDATA[Successfully selected on Select Activity]]>
            </line>
            <line>
              <![CDATA[STEP#7: Entering hours to the days]]>
            </line>
            <line>
              <![CDATA[Successfully Entered time value]]>
            </line>
            <line>
              <![CDATA[Successfully Entered time value]]>
            </line>
            <line>
              <![CDATA[Successfully Entered time value]]>
            </line>
            <line>
              <![CDATA[Successfully Entered time value]]>
            </line>
            <line>
              <![CDATA[Successfully Entered time value]]>
            </line>
            <line>
              <![CDATA[STEP#8: Add Notes]]>
            </line>
            <line>
              <![CDATA[PASS : Validating the tooltip message is same as expected or not : ACTUAL : Notes EXPECTED :Notes]]>
            </line>
            <line>
              <![CDATA[Successfully validated Notes value]]>
            </line>
            <line>
              <![CDATA[Successfully Entered notes value]]>
            </line>
            <line>
              <![CDATA[STEP#9: Add Activity]]>
            </line>
            <line>
              <![CDATA[PASS : Validating the tooltip message is same as expected or not : ACTUAL : Add Activity EXPECTED :Add Activity]]>
            </line>
            <line>
              <![CDATA[Successfully validated Add activity value]]>
            </line>
            <line>
              <![CDATA[Successfully clicked on add activity]]>
            </line>
            <line>
              <![CDATA[STEP#10: Selecting the second activity]]>
            </line>
            <line>
              <![CDATA[Successfully selected Activity]]>
            </line>
            <line>
              <![CDATA[STEP#11: Delete Activity]]>
            </line>
            <line>
              <![CDATA[PASS : Validating the tooltip message is same as expected or not : ACTUAL : Delete Activity EXPECTED :Delete Activity]]>
            </line>
            <line>
              <![CDATA[Successfully validated Delete activity value]]>
            </line>
            <line>
              <![CDATA[Successfully clicked on add activity]]>
            </line>
            <line>
              <![CDATA[STEP#12: Submit button]]>
            </line>
            <line>
              <![CDATA[PASS : Validating the tooltip message is same as expected or not : ACTUAL : Timesheet submitted successfully EXPECTED :Timesheet submitted successfully]]>
            </line>
            <line>
              <![CDATA[Successfully validated submit message]]>
            </line>
            <line>
              <![CDATA[STEP#13: Logout button]]>
            </line>
            <line>
              <![CDATA[STEP#1: Entering the Email]]>
            </line>
            <line>
              <![CDATA[Successfully entered Email]]>
            </line>
            <line>
              <![CDATA[STEP#2: Entering the Password]]>
            </line>
            <line>
              <![CDATA[Successfully entered Password]]>
            </line>
            <line>
              <![CDATA[STEP#3: Click on Login button]]>
            </line>
            <line>
              <![CDATA[Successfully clicked on login button]]>
            </line>
            <line>
              <![CDATA[STEP#4: Clicking on the Timesheet]]>
            </line>
            <line>
              <![CDATA[Successfully clicked on the Timesheet]]>
            </line>
            <line>
              <![CDATA[STEP#14: Validating the Breadcrum]]>
            </line>
            <line>
              <![CDATA[PASS : Successfully validated the text : ACTUAL : Timesheet Approve Timings EXPECTED :Timesheet Approve Timings]]>
            </line>
            <line>
              <![CDATA[Successfully validated breadcrum]]>
            </line>
            <line>
              <![CDATA[STEP#15: Selecting the project]]>
            </line>
            <line>
              <![CDATA[Successfully selected Project]]>
            </line>
            <line>
              <![CDATA[STEP#16: Selecting the employee name]]>
            </line>
            <line>
              <![CDATA[Successfully selected employee dropdown]]>
            </line>
            <line>
              <![CDATA[STEP#17: Clicking reject button under action column]]>
            </line>
            <line>
              <![CDATA[FAIL : Validating the tooltip message is same as expected or not expected [Reason for rejection] but found []: ACTUAL :  EXPECTED :Reason for rejection]]>
            </line>
            <line>
              <![CDATA[Successfully validated reject popup message]]>
            </line>
            <line>
              <![CDATA[Timesheet rejected successfully]]>
            </line>
            <line>
              <![CDATA[PASS : Validating the tooltip message is same as expected or not : ACTUAL : Timesheet rejected successfully EXPECTED :Timesheet rejected successfully]]>
            </line>
            <line>
              <![CDATA[Successfully validated reject message]]>
            </line>
            <line>
              <![CDATA[FAIL : Error occurred, capturing screenshot; refer to ERROR tab for more details]]>
            </line>
            <line>
              <![CDATA[IMG : db78a1b7-7882-4037-9de5-a1b86d73c1ef]]>
            </line>
          </reporter-output>
        </test-method> <!-- EmployeePage -->
        <test-method is-config="true" signature="teardown()[pri:0, instance:com.atmecs.automationAspireportal.testscript.TC02_Manager_ActionReject@744a5377]" started-at="2020-11-10T15:17:25Z" name="teardown" finished-at="2020-11-10T15:17:26Z" duration-ms="653" status="PASS">
          <reporter-output>
          </reporter-output>
        </test-method> <!-- teardown -->
      </class> <!-- com.atmecs.automationAspireportal.testscript.TC02_Manager_ActionReject -->
    </test> <!-- SampleTest -->
  </suite> <!-- Falcon-Sample-WIN_10_chrome_86 -->
</testng-results>
