<html>
<head>
<title>TestNG:  SampleTest</title>
<link href="../testng.css" rel="stylesheet" type="text/css" />
<link href="../my-testng.css" rel="stylesheet" type="text/css" />

<style type="text/css">
.log { display: none;} 
.stack-trace { display: none;} 
</style>
<script type="text/javascript">
<!--
function flip(e) {
  current = e.style.display;
  if (current == 'block') {
    e.style.display = 'none';
    return 0;
  }
  else {
    e.style.display = 'block';
    return 1;
  }
}

function toggleBox(szDivId, elem, msg1, msg2)
{
  var res = -1;  if (document.getElementById) {
    res = flip(document.getElementById(szDivId));
  }
  else if (document.all) {
    // this is the way old msie versions work
    res = flip(document.all[szDivId]);
  }
  if(elem) {
    if(res == 0) elem.innerHTML = msg1; else elem.innerHTML = msg2;
  }

}

function toggleAllBoxes() {
  if (document.getElementsByTagName) {
    d = document.getElementsByTagName('div');
    for (i = 0; i < d.length; i++) {
      if (d[i].className == 'log') {
        flip(d[i]);
      }
    }
  }
}

// -->
</script>

</head>
<body>
<h2 align='center'>SampleTest</h2><table border='1' align="center">
<tr>
<td>Tests passed/Failed/Skipped:</td><td>0/1/0</td>
</tr><tr>
<td>Started on:</td><td>Tue Nov 10 20:46:54 IST 2020</td>
</tr>
<tr><td>Total time:</td><td>31 seconds (31946 ms)</td>
</tr><tr>
<td>Included groups:</td><td></td>
</tr><tr>
<td>Excluded groups:</td><td></td>
</tr>
</table><p/>
<small><i>(Hover the method name to see the test class name)</i></small><p/>
<table width='100%' border='1' class='invocation-failed'>
<tr><td colspan='4' align='center'><b>FAILED TESTS</b></td></tr>
<tr><td><b>Test method</b></td>
<td width="30%"><b>Exception</b></td>
<td width="10%"><b>Time (seconds)</b></td>
<td><b>Instance</b></td>
</tr>
<tr>
<td title='com.atmecs.automationAspireportal.testscript.TC02_Manager_ActionReject.EmployeePage()'><b>EmployeePage</b><br>Test class: com.atmecs.automationAspireportal.testscript.TC02_Manager_ActionReject<br/>
<a href="#Output-700690842" onClick='toggleBox("Output-700690842", this, "Show output", "Hide output");'>Show output</a>

<a href="#Output-700690842" onClick="toggleAllBoxes();">Show all outputs</a>
<div class='log' id="Output-700690842">
STEP#1: Entering the Email<br/>
Successfully entered Email<br/>
STEP#2: Entering the Password<br/>
Successfully entered Password<br/>
STEP#3: Click on Login button<br/>
Successfully clicked on login button<br/>
STEP#4: Clicking on the Timesheet<br/>
Successfully clicked on the Timesheet<br/>
STEP#5: Validating the Breadcrum<br/>
PASS : Successfully validated the text : ACTUAL : Timesheet Create or Update Timings 	EXPECTED :Timesheet Create or Update Timings<br/>
Successfully validated breadcrum<br/>
STEP#6: Selecting the activity<br/>
Successfully selected on Select Activity<br/>
STEP#7: Entering hours to the days<br/>
Successfully Entered time value<br/>
Successfully Entered time value<br/>
Successfully Entered time value<br/>
Successfully Entered time value<br/>
Successfully Entered time value<br/>
STEP#8: Add Notes<br/>
PASS : Validating the tooltip message is same as expected or not : ACTUAL : Notes 	EXPECTED :Notes<br/>
Successfully validated Notes value<br/>
Successfully Entered notes value<br/>
STEP#9: Add Activity<br/>
PASS : Validating the tooltip message is same as expected or not : ACTUAL : Add Activity 	EXPECTED :Add Activity<br/>
Successfully validated Add activity value<br/>
Successfully clicked on add activity<br/>
STEP#10: Selecting the second activity<br/>
Successfully selected Activity<br/>
STEP#11: Delete Activity<br/>
PASS : Validating the tooltip message is same as expected or not : ACTUAL : Delete Activity 	EXPECTED :Delete Activity<br/>
Successfully validated Delete activity value<br/>
Successfully clicked on add activity<br/>
STEP#12: Submit button<br/>
PASS : Validating the tooltip message is same as expected or not : ACTUAL : Timesheet submitted successfully 	EXPECTED :Timesheet submitted successfully<br/>
Successfully validated submit message<br/>
STEP#13: Logout button<br/>
STEP#1: Entering the Email<br/>
Successfully entered Email<br/>
STEP#2: Entering the Password<br/>
Successfully entered Password<br/>
STEP#3: Click on Login button<br/>
Successfully clicked on login button<br/>
STEP#4: Clicking on the Timesheet<br/>
Successfully clicked on the Timesheet<br/>
STEP#14: Validating the Breadcrum<br/>
PASS : Successfully validated the text : ACTUAL : Timesheet Approve Timings 	EXPECTED :Timesheet Approve Timings<br/>
Successfully validated breadcrum<br/>
STEP#15: Selecting the project<br/>
Successfully selected Project<br/>
STEP#16: Selecting the employee name<br/>
Successfully selected employee dropdown<br/>
STEP#17: Clicking reject button under action column<br/>
FAIL : Validating the tooltip message is same as expected or not expected [Reason for rejection] but found []: ACTUAL :  	EXPECTED :Reason for rejection<br/>
Successfully validated reject popup message<br/>
Timesheet rejected successfully<br/>
PASS : Validating the tooltip message is same as expected or not : ACTUAL : Timesheet rejected successfully 	EXPECTED :Timesheet rejected successfully<br/>
Successfully validated reject message<br/>
FAIL : Error occurred, capturing screenshot; refer to ERROR tab for more details<br/>
IMG : db78a1b7-7882-4037-9de5-a1b86d73c1ef<br/>
</div>
</td>
<td><div><pre>java.lang.AssertionError: expected [Reason for rejection] but found []
	at com.atmecs.falcon.automation.verifyresult.VerificationManager.verifyString(VerificationManager.java:250)
	at com.atmecs.automationAspireportal.testscript.TC02_Manager_ActionReject.EmployeePage(TC02_Manager_ActionReject.java:85)
	at com.atmecs.automationAspireportal.runner.TestNGRunner.main(TestNGRunner.java:61)
	at org.codehaus.mojo.exec.ExecJavaMojo$1.run(ExecJavaMojo.java:294)
	at java.base/java.lang.Thread.run(Thread.java:830)
... Removed 32 stack frames</pre></div><a href='#' onClick='toggleBox("stack-trace700690842", this, "Click to show all stack frames", "Click to hide stack frames")'>Click to show all stack frames</a>
<div class='stack-trace' id='stack-trace700690842'><pre>java.lang.AssertionError: expected [Reason for rejection] but found []
	at org.testng.Assert.fail(Assert.java:96)
	at org.testng.Assert.failNotEquals(Assert.java:776)
	at org.testng.Assert.assertEqualsImpl(Assert.java:137)
	at org.testng.Assert.assertEquals(Assert.java:118)
	at org.testng.Assert.assertEquals(Assert.java:453)
	at org.testng.Assert.assertEquals(Assert.java:463)
	at com.atmecs.falcon.automation.verifyresult.VerificationManager.verifyString(VerificationManager.java:250)
	at com.atmecs.automationAspireportal.testscript.TC02_Manager_ActionReject.EmployeePage(TC02_Manager_ActionReject.java:85)
	at java.base/jdk.internal.reflect.NativeMethodAccessorImpl.invoke0(Native Method)
	at java.base/jdk.internal.reflect.NativeMethodAccessorImpl.invoke(NativeMethodAccessorImpl.java:62)
	at java.base/jdk.internal.reflect.DelegatingMethodAccessorImpl.invoke(DelegatingMethodAccessorImpl.java:43)
	at java.base/java.lang.reflect.Method.invoke(Method.java:567)
	at org.testng.internal.MethodInvocationHelper.invokeMethod(MethodInvocationHelper.java:124)
	at org.testng.internal.Invoker.invokeMethod(Invoker.java:583)
	at org.testng.internal.Invoker.invokeTestMethod(Invoker.java:719)
	at org.testng.internal.Invoker.invokeTestMethods(Invoker.java:989)
	at org.testng.internal.TestMethodWorker.invokeTestMethods(TestMethodWorker.java:125)
	at org.testng.internal.TestMethodWorker.run(TestMethodWorker.java:109)
	at org.testng.TestRunner.privateRun(TestRunner.java:648)
	at org.testng.TestRunner.run(TestRunner.java:505)
	at org.testng.SuiteRunner.runTest(SuiteRunner.java:455)
	at org.testng.SuiteRunner.runSequentially(SuiteRunner.java:450)
	at org.testng.SuiteRunner.privateRun(SuiteRunner.java:415)
	at org.testng.SuiteRunner.run(SuiteRunner.java:364)
	at org.testng.SuiteRunnerWorker.runSuite(SuiteRunnerWorker.java:52)
	at org.testng.SuiteRunnerWorker.run(SuiteRunnerWorker.java:84)
	at org.testng.TestNG.runSuitesSequentially(TestNG.java:1208)
	at org.testng.TestNG.runSuitesLocally(TestNG.java:1137)
	at org.testng.TestNG.runSuites(TestNG.java:1049)
	at org.testng.TestNG.run(TestNG.java:1017)
	at com.atmecs.automationAspireportal.runner.TestNGRunner.main(TestNGRunner.java:61)
	at java.base/jdk.internal.reflect.NativeMethodAccessorImpl.invoke0(Native Method)
	at java.base/jdk.internal.reflect.NativeMethodAccessorImpl.invoke(NativeMethodAccessorImpl.java:62)
	at java.base/jdk.internal.reflect.DelegatingMethodAccessorImpl.invoke(DelegatingMethodAccessorImpl.java:43)
	at java.base/java.lang.reflect.Method.invoke(Method.java:567)
	at org.codehaus.mojo.exec.ExecJavaMojo$1.run(ExecJavaMojo.java:294)
	at java.base/java.lang.Thread.run(Thread.java:830)
</pre></div></td>
<td>16</td>
<td>com.atmecs.automationAspireportal.testscript.TC02_Manager_ActionReject@744a5377</td></tr>
</table><p>
</body>
</html>